  [4;36;1mSQL (0.000536)[0m   [0;1m SELECT name
 FROM sqlite_master
 WHERE type = 'table' AND NOT name = 'sqlite_sequence'
[0m
  [4;35;1mSQL (0.000236)[0m   [0mselect sqlite_version(*)[0m
  [4;36;1mSQL (0.006394)[0m   [0;1mCREATE TABLE "schema_migrations" ("version" varchar(255) NOT NULL) [0m
  [4;35;1mSQL (0.002762)[0m   [0mCREATE UNIQUE INDEX "unique_schema_migrations" ON "schema_migrations" ("version")[0m
  [4;36;1mSQL (0.000274)[0m   [0;1m SELECT name
 FROM sqlite_master
 WHERE type = 'table' AND NOT name = 'sqlite_sequence'
[0m
  [4;35;1mSQL (0.000183)[0m   [0mSELECT version FROM schema_migrations[0m
Migrating to CreateStories (20080912054414)
  [4;36;1mSQL (0.002297)[0m   [0;1mCREATE TABLE "stories" ("id" INTEGER PRIMARY KEY AUTOINCREMENT NOT NULL, "name" varchar(255), "link" varchar(255), "created_at" datetime, "updated_at" datetime) [0m
  [4;35;1mSQL (0.001612)[0m   [0mINSERT INTO schema_migrations (version) VALUES ('20080912054414')[0m
  [4;36;1mSQL (0.000368)[0m   [0;1m SELECT name
 FROM sqlite_master
 WHERE type = 'table' AND NOT name = 'sqlite_sequence'
[0m
  [4;35;1mSQL (0.000209)[0m   [0mSELECT version FROM schema_migrations[0m
  [4;36;1mSQL (0.000285)[0m   [0;1m SELECT name
 FROM sqlite_master
 WHERE type = 'table' AND NOT name = 'sqlite_sequence'
[0m
  [4;35;1mSQL (0.000087)[0m   [0mPRAGMA index_list("stories")[0m
  [4;36;1mStory Create (0.000502)[0m   [0;1mINSERT INTO "stories" ("name", "updated_at", "link", "created_at") VALUES('My shiny weblog', '2008-09-12 05:56:39', 'http://bobnation.org', '2008-09-12 05:56:39')[0m
  [4;35;1mStory Create (0.000281)[0m   [0mINSERT INTO "stories" ("name", "updated_at", "link", "created_at") VALUES('SitePoint Forums', '2008-09-12 05:58:24', 'http://www.sitepoint.com/forums', '2008-09-12 05:58:24')[0m
  [4;36;1mSQL (0.000486)[0m   [0;1m SELECT name
 FROM sqlite_master
 WHERE type = 'table' AND NOT name = 'sqlite_sequence'
[0m
  [4;35;1mStory Load (0.000509)[0m   [0mSELECT * FROM "stories" [0m
